{
  "RSpec": {
    "coverage": {
      "/Users/apple/Code/actualize/imti-nyc-app/app/models/user.rb": [
        1,
        1,
        null,
        null,
        1,
        null,
        1,
        1,
        1,
        1,
        1,
        1,
        1,
        null,
        null,
        1,
        null,
        1,
        null,
        1,
        null,
        null,
        null,
        null,
        null,
        null,
        null,
        0,
        null,
        null,
        1,
        0,
        0,
        0,
        0,
        0,
        null,
        null,
        null,
        1,
        0,
        0,
        0,
        null,
        null,
        null,
        1,
        0,
        null,
        null
      ],
      "/Users/apple/Code/actualize/imti-nyc-app/app/models/application_record.rb": [
        1,
        1,
        null
      ],
      "/Users/apple/Code/actualize/imti-nyc-app/app/helpers/application_helper.rb": [
        1,
        null
      ],
      "/Users/apple/Code/actualize/imti-nyc-app/app/helpers/applications_helper.rb": [
        1,
        null
      ],
      "/Users/apple/Code/actualize/imti-nyc-app/app/helpers/charges_helper.rb": [
        1,
        null
      ],
      "/Users/apple/Code/actualize/imti-nyc-app/app/helpers/course_registrations_helper.rb": [
        1,
        null
      ],
      "/Users/apple/Code/actualize/imti-nyc-app/app/helpers/courses_helper.rb": [
        1,
        null
      ],
      "/Users/apple/Code/actualize/imti-nyc-app/app/helpers/documents_helper.rb": [
        1,
        null,
        1,
        0,
        0,
        null,
        null,
        1,
        0,
        null,
        0,
        null,
        null,
        null,
        null,
        null,
        null,
        0,
        null,
        0,
        0,
        null,
        null,
        1,
        0,
        null,
        0,
        null,
        0,
        0,
        0,
        null,
        null,
        0,
        null,
        null,
        null
      ],
      "/Users/apple/Code/actualize/imti-nyc-app/app/helpers/local_schools_helper.rb": [
        1,
        null
      ],
      "/Users/apple/Code/actualize/imti-nyc-app/app/helpers/pages_helper.rb": [
        1,
        null
      ],
      "/Users/apple/Code/actualize/imti-nyc-app/app/helpers/registrants_helper.rb": [
        1,
        null
      ],
      "/Users/apple/Code/actualize/imti-nyc-app/app/helpers/school_profiles_helper.rb": [
        1,
        null
      ],
      "/Users/apple/Code/actualize/imti-nyc-app/app/helpers/student_profiles_helper.rb": [
        1,
        null
      ],
      "/Users/apple/Code/actualize/imti-nyc-app/app/helpers/workshops_helper.rb": [
        1,
        null
      ],
      "/Users/apple/Code/actualize/imti-nyc-app/app/controllers/educations_controller.rb": [
        1,
        1,
        2,
        2,
        null,
        null,
        1,
        2,
        2,
        null,
        null,
        1,
        4,
        4,
        4,
        2,
        2,
        null,
        2,
        2,
        null,
        null,
        null,
        1,
        2,
        2,
        null,
        null,
        1,
        5,
        5,
        3,
        3,
        null,
        2,
        2,
        null,
        null,
        null,
        1,
        null,
        1,
        9,
        null,
        null
      ],
      "/Users/apple/Code/actualize/imti-nyc-app/app/controllers/application_controller.rb": [
        1,
        1,
        1,
        1,
        null,
        1,
        null,
        1,
        0,
        null,
        null,
        1,
        0,
        0,
        null,
        0,
        null,
        null,
        null
      ],
      "/Users/apple/Code/actualize/imti-nyc-app/app/models/application.rb": [
        1,
        null,
        null,
        1,
        1,
        1,
        1,
        1,
        1,
        1,
        1,
        1,
        1,
        1,
        1,
        1,
        1,
        1,
        1,
        null,
        1,
        0,
        0,
        null,
        null,
        null,
        null
      ],
      "/Users/apple/Code/actualize/imti-nyc-app/app/models/education.rb": [
        1,
        1,
        1,
        null,
        1,
        0,
        0,
        null,
        null,
        null
      ],
      "/Users/apple/Code/actualize/imti-nyc-app/app/channels/application_cable/channel.rb": [
        0,
        0,
        0,
        0
      ],
      "/Users/apple/Code/actualize/imti-nyc-app/app/channels/application_cable/connection.rb": [
        0,
        0,
        0,
        0
      ],
      "/Users/apple/Code/actualize/imti-nyc-app/app/controllers/applications_controller.rb": [
        0,
        0,
        0,
        0,
        0,
        0,
        0,
        0,
        0,
        0,
        0,
        0,
        0,
        0,
        0,
        0,
        0,
        0,
        0,
        0,
        0,
        0,
        0,
        0,
        0,
        0,
        0,
        0,
        0,
        0,
        0,
        0,
        0,
        0,
        0,
        0,
        0,
        0,
        0,
        0,
        0,
        0,
        0,
        0,
        0,
        0,
        0,
        0,
        0,
        0,
        0,
        0,
        0,
        0,
        0,
        0,
        0,
        0,
        0,
        0,
        0,
        0,
        0,
        0,
        0,
        0,
        0,
        0,
        0,
        0,
        0,
        0,
        0,
        0,
        0,
        0,
        0,
        0,
        0,
        0,
        0,
        0,
        0,
        0
      ],
      "/Users/apple/Code/actualize/imti-nyc-app/app/controllers/charges_controller.rb": [
        0,
        0
      ],
      "/Users/apple/Code/actualize/imti-nyc-app/app/controllers/course_registrations_controller.rb": [
        0,
        0,
        0,
        0,
        0,
        0,
        0,
        0,
        0,
        0,
        0,
        0,
        0,
        0,
        0,
        0,
        0,
        0,
        0,
        0,
        0,
        0,
        0,
        0,
        0,
        0,
        0,
        0,
        0,
        0,
        0,
        0,
        0
      ],
      "/Users/apple/Code/actualize/imti-nyc-app/app/controllers/courses_controller.rb": [
        0,
        0,
        0,
        0,
        0,
        0,
        0,
        0,
        0
      ],
      "/Users/apple/Code/actualize/imti-nyc-app/app/controllers/documents_controller.rb": [
        0,
        0,
        0,
        0,
        0,
        0,
        0,
        0,
        0,
        0,
        0,
        0,
        0,
        0,
        0,
        0,
        0,
        0,
        0,
        0,
        0,
        0,
        0,
        0,
        0,
        0,
        0,
        0,
        0,
        0,
        0,
        0,
        0,
        0,
        0,
        0,
        0,
        0,
        0,
        0,
        0,
        0,
        0,
        0,
        0,
        0,
        0,
        0,
        0,
        0,
        0,
        0
      ],
      "/Users/apple/Code/actualize/imti-nyc-app/app/controllers/local_schools_controller.rb": [
        0,
        0,
        0,
        0,
        0,
        0,
        0,
        0,
        0,
        0,
        0,
        0,
        0,
        0,
        0,
        0,
        0,
        0,
        0,
        0,
        0,
        0,
        0,
        0,
        0,
        0,
        0,
        0
      ],
      "/Users/apple/Code/actualize/imti-nyc-app/app/controllers/montessori_trainings_controller.rb": [
        0,
        0,
        0,
        0,
        0,
        0,
        0,
        0,
        0,
        0,
        0,
        0,
        0,
        0,
        0,
        0,
        0,
        0,
        0,
        0,
        0,
        0,
        0,
        0,
        0,
        0,
        0,
        0,
        0,
        0,
        0,
        0,
        0,
        0,
        0,
        0,
        0,
        0,
        0,
        0,
        0,
        0,
        0,
        0,
        0
      ],
      "/Users/apple/Code/actualize/imti-nyc-app/app/controllers/pages_controller.rb": [
        0,
        0,
        0,
        0,
        0,
        0,
        0,
        0,
        0,
        0,
        0,
        0,
        0,
        0,
        0,
        0
      ],
      "/Users/apple/Code/actualize/imti-nyc-app/app/controllers/references_controller.rb": [
        0,
        0,
        0,
        0,
        0,
        0,
        0,
        0,
        0,
        0,
        0,
        0,
        0,
        0,
        0,
        0,
        0,
        0,
        0,
        0,
        0,
        0,
        0,
        0,
        0,
        0,
        0,
        0,
        0,
        0,
        0,
        0,
        0,
        0,
        0,
        0,
        0,
        0,
        0,
        0,
        0,
        0,
        0,
        0,
        0
      ],
      "/Users/apple/Code/actualize/imti-nyc-app/app/controllers/registrants_controller.rb": [
        0,
        0,
        0,
        0,
        0,
        0,
        0,
        0,
        0,
        0,
        0,
        0,
        0,
        0,
        0,
        0,
        0,
        0,
        0,
        0,
        0,
        0,
        0,
        0,
        0,
        0,
        0,
        0,
        0,
        0,
        0,
        0
      ],
      "/Users/apple/Code/actualize/imti-nyc-app/app/controllers/school_profiles_controller.rb": [
        0,
        0,
        0,
        0,
        0
      ],
      "/Users/apple/Code/actualize/imti-nyc-app/app/controllers/student_profiles_controller.rb": [
        0,
        0,
        0,
        0,
        0,
        0,
        0,
        0,
        0,
        0,
        0,
        0,
        0,
        0,
        0,
        0,
        0,
        0,
        0,
        0,
        0,
        0,
        0,
        0,
        0,
        0,
        0,
        0,
        0,
        0,
        0,
        0,
        0,
        0,
        0,
        0,
        0,
        0
      ],
      "/Users/apple/Code/actualize/imti-nyc-app/app/controllers/users/registrations_controller.rb": [
        0,
        0,
        0,
        0,
        0,
        0,
        0,
        0,
        0,
        0,
        0,
        0,
        0,
        0,
        0,
        0,
        0,
        0,
        0,
        0,
        0,
        0,
        0,
        0,
        0,
        0,
        0,
        0,
        0,
        0,
        0,
        0,
        0,
        0,
        0,
        0,
        0
      ],
      "/Users/apple/Code/actualize/imti-nyc-app/app/controllers/work_experiences_controller.rb": [
        0,
        0,
        0,
        0,
        0,
        0,
        0,
        0,
        0,
        0,
        0,
        0,
        0,
        0,
        0,
        0,
        0,
        0,
        0,
        0,
        0,
        0,
        0,
        0,
        0,
        0,
        0,
        0,
        0,
        0,
        0,
        0,
        0,
        0,
        0,
        0,
        0,
        0,
        0,
        0,
        0,
        0,
        0,
        0,
        0
      ],
      "/Users/apple/Code/actualize/imti-nyc-app/app/controllers/workshops_controller.rb": [
        0,
        0,
        0,
        0,
        0,
        0,
        0,
        0,
        0,
        0,
        0,
        0,
        0,
        0,
        0,
        0,
        0,
        0,
        0,
        0,
        0,
        0,
        0,
        0,
        0,
        0,
        0,
        0,
        0,
        0,
        0,
        0,
        0,
        0,
        0,
        0,
        0,
        0,
        0,
        0,
        0,
        0,
        0,
        0,
        0,
        0,
        0
      ],
      "/Users/apple/Code/actualize/imti-nyc-app/app/jobs/application_job.rb": [
        0,
        0
      ],
      "/Users/apple/Code/actualize/imti-nyc-app/app/mailers/application_mailer.rb": [
        0,
        0,
        0,
        0
      ],
      "/Users/apple/Code/actualize/imti-nyc-app/app/models/charge.rb": [
        0,
        0,
        0,
        0,
        0,
        0,
        0,
        0,
        0
      ],
      "/Users/apple/Code/actualize/imti-nyc-app/app/models/course.rb": [
        0,
        0,
        0
      ],
      "/Users/apple/Code/actualize/imti-nyc-app/app/models/course_registration.rb": [
        0,
        0,
        0,
        0
      ],
      "/Users/apple/Code/actualize/imti-nyc-app/app/models/document.rb": [
        0,
        0,
        0,
        0,
        0,
        0,
        0
      ],
      "/Users/apple/Code/actualize/imti-nyc-app/app/models/local_school.rb": [
        0,
        0,
        0,
        0,
        0,
        0,
        0,
        0,
        0,
        0,
        0,
        0
      ],
      "/Users/apple/Code/actualize/imti-nyc-app/app/models/montessori_training.rb": [
        0,
        0,
        0,
        0,
        0,
        0,
        0,
        0,
        0,
        0
      ],
      "/Users/apple/Code/actualize/imti-nyc-app/app/models/reference.rb": [
        0,
        0,
        0
      ],
      "/Users/apple/Code/actualize/imti-nyc-app/app/models/registrant.rb": [
        0,
        0,
        0,
        0,
        0,
        0,
        0,
        0,
        0,
        0,
        0,
        0,
        0,
        0,
        0,
        0,
        0,
        0,
        0,
        0,
        0,
        0
      ],
      "/Users/apple/Code/actualize/imti-nyc-app/app/models/registrant_workshop.rb": [
        0,
        0,
        0,
        0
      ],
      "/Users/apple/Code/actualize/imti-nyc-app/app/models/work_experience.rb": [
        0,
        0,
        0,
        0,
        0,
        0,
        0,
        0,
        0,
        0
      ],
      "/Users/apple/Code/actualize/imti-nyc-app/app/models/workshop.rb": [
        0,
        0,
        0,
        0
      ]
    },
    "timestamp": 1498777903
  }
}
